# JRE version: Java(TM) SE Runtime Environment (16.0.1+9) (build 16.0.1+9-24)
# Java VM: Java HotSpot(TM) 64-Bit Server VM (16.0.1+9-24, mixed mode, sharing, tiered, compressed oops, compressed class ptrs, g1 gc, windows-amd64)
GC Precious Log:
 CPUs: 4 total, 4 available
 Memory: 2987M
 Large Page Support: Disabled
 NUMA Support: Disabled
 Compressed Oops: Enabled (32-bit)
 Heap Region Size: 1M
 Heap Min Capacity: 8M
 Heap Initial Capacity: 48M
 Heap Max Capacity: 748M
 Pre-touch: Disabled
 Parallel Workers: 4
 Concurrent Workers: 1
 Concurrent Refinement Workers: 4
 Periodic GC: Disabled
Heap:
 garbage-first heap   total 98304K, used 18307K [0x00000000d1400000, 0x0000000100000000)
  region size 1024K, 2 young (2048K), 2 survivors (2048K)
 Metaspace       used 29707K, committed 30016K, reserved 1081344K
  class space    used 3688K, committed 3840K, reserved 1048576K
GC Heap History (20 events):
Event: 1.411 GC heap after
{Heap after GC invocations=4 (full 0):
 garbage-first heap   total 49152K, used 7779K [0x00000000d1400000, 0x0000000100000000)
  region size 1024K, 1 young (1024K), 1 survivors (1024K)
 Metaspace       used 5120K, committed 5312K, reserved 1056768K
  class space    used 557K, committed 640K, reserved 1048576K
}
Event: 2.160 GC heap before
{Heap before GC invocations=4 (full 0):
 garbage-first heap   total 49152K, used 34403K [0x00000000d1400000, 0x0000000100000000)
  region size 1024K, 28 young (28672K), 1 survivors (1024K)
 Metaspace       used 12344K, committed 12544K, reserved 1064960K
  class space    used 1464K, committed 1536K, reserved 1048576K
}
Event: 2.165 GC heap after
{Heap after GC invocations=5 (full 0):
 garbage-first heap   total 49152K, used 9564K [0x00000000d1400000, 0x0000000100000000)
  region size 1024K, 3 young (3072K), 3 survivors (3072K)
 Metaspace       used 12344K, committed 12544K, reserved 1064960K
  class space    used 1464K, committed 1536K, reserved 1048576K
}
Event: 2.798 GC heap before
{Heap before GC invocations=5 (full 0):
 garbage-first heap   total 49152K, used 34140K [0x00000000d1400000, 0x0000000100000000)
  region size 1024K, 27 young (27648K), 3 survivors (3072K)
 Metaspace       used 14970K, committed 15232K, reserved 1064960K
  class space    used 1781K, committed 1920K, reserved 1048576K
}
Event: 2.804 GC heap after
{Heap after GC invocations=6 (full 0):
 garbage-first heap   total 49152K, used 10786K [0x00000000d1400000, 0x0000000100000000)
  region size 1024K, 3 young (3072K), 3 survivors (3072K)
 Metaspace       used 14970K, committed 15232K, reserved 1064960K
  class space    used 1781K, committed 1920K, reserved 1048576K
}
Event: 2.959 GC heap before
{Heap before GC invocations=6 (full 0):
 garbage-first heap   total 49152K, used 34338K [0x00000000d1400000, 0x0000000100000000)
  region size 1024K, 27 young (27648K), 3 survivors (3072K)
 Metaspace       used 15329K, committed 15552K, reserved 1064960K
  class space    used 1824K, committed 1920K, reserved 1048576K
}
Event: 2.964 GC heap after
{Heap after GC invocations=7 (full 0):
 garbage-first heap   total 98304K, used 11456K [0x00000000d1400000, 0x0000000100000000)
  region size 1024K, 2 young (2048K), 2 survivors (2048K)
 Metaspace       used 15329K, committed 15552K, reserved 1064960K
  class space    used 1824K, committed 1920K, reserved 1048576K
}
Event: 4.430 GC heap before
{Heap before GC invocations=7 (full 0):
 garbage-first heap   total 98304K, used 66752K [0x00000000d1400000, 0x0000000100000000)
  region size 1024K, 57 young (58368K), 2 survivors (2048K)
 Metaspace       used 19651K, committed 19968K, reserved 1073152K
  class space    used 2399K, committed 2560K, reserved 1048576K
}
Event: 4.438 GC heap after
{Heap after GC invocations=8 (full 0):
 garbage-first heap   total 98304K, used 13268K [0x00000000d1400000, 0x0000000100000000)
  region size 1024K, 4 young (4096K), 4 survivors (4096K)
 Metaspace       used 19651K, committed 19968K, reserved 1073152K
  class space    used 2399K, committed 2560K, reserved 1048576K
}
Event: 4.968 GC heap before
{Heap before GC invocations=8 (full 0):
 garbage-first heap   total 98304K, used 20436K [0x00000000d1400000, 0x0000000100000000)
  region size 1024K, 12 young (12288K), 4 survivors (4096K)
 Metaspace       used 21041K, committed 21248K, reserved 1073152K
  class space    used 2579K, committed 2688K, reserved 1048576K
}
Event: 4.985 GC heap after
{Heap after GC invocations=9 (full 0):
 garbage-first heap   total 98304K, used 13822K [0x00000000d1400000, 0x0000000100000000)
  region size 1024K, 5 young (5120K), 5 survivors (5120K)
 Metaspace       used 21041K, committed 21248K, reserved 1073152K
  class space    used 2579K, committed 2688K, reserved 1048576K
}
Event: 6.377 GC heap before
{Heap before GC invocations=10 (full 0):
 garbage-first heap   total 55296K, used 41470K [0x00000000d1400000, 0x0000000100000000)
  region size 1024K, 32 young (32768K), 5 survivors (5120K)
 Metaspace       used 25389K, committed 25664K, reserved 1073152K
  class space    used 3152K, committed 3264K, reserved 1048576K
}
Event: 6.388 GC heap after
{Heap after GC invocations=11 (full 0):
 garbage-first heap   total 55296K, used 16375K [0x00000000d1400000, 0x0000000100000000)
  region size 1024K, 4 young (4096K), 4 survivors (4096K)
 Metaspace       used 25389K, committed 25664K, reserved 1073152K
  class space    used 3152K, committed 3264K, reserved 1048576K
}
Event: 6.393 GC heap before
{Heap before GC invocations=11 (full 0):
 garbage-first heap   total 55296K, used 39927K [0x00000000d1400000, 0x0000000100000000)
  region size 1024K, 28 young (28672K), 4 survivors (4096K)
 Metaspace       used 25389K, committed 25664K, reserved 1073152K
  class space    used 3152K, committed 3264K, reserved 1048576K
}
Event: 6.399 GC heap after
{Heap after GC invocations=12 (full 0):
 garbage-first heap   total 55296K, used 16454K [0x00000000d1400000, 0x0000000100000000)
  region size 1024K, 1 young (1024K), 1 survivors (1024K)
 Metaspace       used 25389K, committed 25664K, reserved 1073152K
  class space    used 3152K, committed 3264K, reserved 1048576K
}
Event: 6.551 GC heap before
{Heap before GC invocations=12 (full 0):
 garbage-first heap   total 55296K, used 41030K [0x00000000d1400000, 0x0000000100000000)
  region size 1024K, 26 young (26624K), 1 survivors (1024K)
 Metaspace       used 26095K, committed 26368K, reserved 1073152K
  class space    used 3213K, committed 3328K, reserved 1048576K
}
Event: 6.553 GC heap after
{Heap after GC invocations=13 (full 0):
 garbage-first heap   total 55296K, used 17093K [0x00000000d1400000, 0x0000000100000000)
  region size 1024K, 1 young (1024K), 1 survivors (1024K)
 Metaspace       used 26095K, committed 26368K, reserved 1073152K
  class space    used 3213K, committed 3328K, reserved 1048576K
}
Event: 6.558 GC heap before
{Heap before GC invocations=13 (full 0):
 garbage-first heap   total 55296K, used 41669K [0x00000000d1400000, 0x0000000100000000)
  region size 1024K, 26 young (26624K), 1 survivors (1024K)
 Metaspace       used 26095K, committed 26368K, reserved 1073152K
  class space    used 3213K, committed 3328K, reserved 1048576K
}
Event: 6.560 GC heap after
{Heap after GC invocations=14 (full 0):
 garbage-first heap   total 55296K, used 17057K [0x00000000d1400000, 0x0000000100000000)
  region size 1024K, 1 young (1024K), 1 survivors (1024K)
 Metaspace       used 26095K, committed 26368K, reserved 1073152K
  class space    used 3213K, committed 3328K, reserved 1048576K
}
Event: 7.407 GC heap before
{Heap before GC invocations=14 (full 0):
 garbage-first heap   total 55296K, used 42657K [0x00000000d1400000, 0x0000000100000000)
  region size 1024K, 27 young (27648K), 1 survivors (1024K)
 Metaspace       used 29707K, committed 30016K, reserved 1081344K
  class space    used 3688K, committed 3840K, reserved 1048576K
}

