# JRE version: Java(TM) SE Runtime Environment (16.0.1+9) (build 16.0.1+9-24)
# Java VM: Java HotSpot(TM) 64-Bit Server VM (16.0.1+9-24, mixed mode, sharing, tiered, compressed oops, compressed class ptrs, g1 gc, windows-amd64)
GC Precious Log:
 CPUs: 4 total, 4 available
 Memory: 2987M
 Large Page Support: Disabled
 NUMA Support: Disabled
 Compressed Oops: Enabled (32-bit)
 Heap Region Size: 1M
 Heap Min Capacity: 8M
 Heap Initial Capacity: 48M
 Heap Max Capacity: 748M
 Pre-touch: Disabled
 Parallel Workers: 4
 Concurrent Workers: 1
 Concurrent Refinement Workers: 4
 Periodic GC: Disabled
Heap:
 garbage-first heap   total 96256K, used 29233K [0x00000000d1400000, 0x0000000100000000)
  region size 1024K, 20 young (20480K), 1 survivors (1024K)
 Metaspace       used 16913K, committed 17152K, reserved 1064960K
  class space    used 2027K, committed 2176K, reserved 1048576K
GC Heap History (16 events):
Event: 26.760 GC heap before
{Heap before GC invocations=0 (full 0):
 garbage-first heap   total 49152K, used 14336K [0x00000000d1400000, 0x0000000100000000)
  region size 1024K, 13 young (13312K), 0 survivors (0K)
 Metaspace       used 2580K, committed 2624K, reserved 1056768K
  class space    used 225K, committed 256K, reserved 1048576K
}
Event: 26.770 GC heap after
{Heap after GC invocations=1 (full 0):
 garbage-first heap   total 49152K, used 7556K [0x00000000d1400000, 0x0000000100000000)
  region size 1024K, 2 young (2048K), 2 survivors (2048K)
 Metaspace       used 2580K, committed 2624K, reserved 1056768K
  class space    used 225K, committed 256K, reserved 1048576K
}
Event: 27.098 GC heap before
{Heap before GC invocations=1 (full 0):
 garbage-first heap   total 49152K, used 15748K [0x00000000d1400000, 0x0000000100000000)
  region size 1024K, 10 young (10240K), 2 survivors (2048K)
 Metaspace       used 4307K, committed 4480K, reserved 1056768K
  class space    used 444K, committed 512K, reserved 1048576K
}
Event: 27.102 GC heap after
{Heap after GC invocations=2 (full 0):
 garbage-first heap   total 49152K, used 7971K [0x00000000d1400000, 0x0000000100000000)
  region size 1024K, 1 young (1024K), 1 survivors (1024K)
 Metaspace       used 4307K, committed 4480K, reserved 1056768K
  class space    used 444K, committed 512K, reserved 1048576K
}
Event: 27.111 GC heap before
{Heap before GC invocations=2 (full 0):
 garbage-first heap   total 49152K, used 21283K [0x00000000d1400000, 0x0000000100000000)
  region size 1024K, 15 young (15360K), 1 survivors (1024K)
 Metaspace       used 4311K, committed 4480K, reserved 1056768K
  class space    used 444K, committed 512K, reserved 1048576K
}
Event: 27.113 GC heap after
{Heap after GC invocations=3 (full 0):
 garbage-first heap   total 49152K, used 8048K [0x00000000d1400000, 0x0000000100000000)
  region size 1024K, 1 young (1024K), 1 survivors (1024K)
 Metaspace       used 4311K, committed 4480K, reserved 1056768K
  class space    used 444K, committed 512K, reserved 1048576K
}
Event: 27.118 GC heap before
{Heap before GC invocations=3 (full 0):
 garbage-first heap   total 49152K, used 27504K [0x00000000d1400000, 0x0000000100000000)
  region size 1024K, 21 young (21504K), 1 survivors (1024K)
 Metaspace       used 4311K, committed 4480K, reserved 1056768K
  class space    used 444K, committed 512K, reserved 1048576K
}
Event: 27.119 GC heap after
{Heap after GC invocations=4 (full 0):
 garbage-first heap   total 49152K, used 8109K [0x00000000d1400000, 0x0000000100000000)
  region size 1024K, 1 young (1024K), 1 survivors (1024K)
 Metaspace       used 4311K, committed 4480K, reserved 1056768K
  class space    used 444K, committed 512K, reserved 1048576K
}
Event: 28.097 GC heap before
{Heap before GC invocations=4 (full 0):
 garbage-first heap   total 49152K, used 33709K [0x00000000d1400000, 0x0000000100000000)
  region size 1024K, 26 young (26624K), 1 survivors (1024K)
 Metaspace       used 9961K, committed 10176K, reserved 1064960K
  class space    used 1183K, committed 1280K, reserved 1048576K
}
Event: 28.102 GC heap after
{Heap after GC invocations=5 (full 0):
 garbage-first heap   total 49152K, used 9585K [0x00000000d1400000, 0x0000000100000000)
  region size 1024K, 2 young (2048K), 2 survivors (2048K)
 Metaspace       used 9961K, committed 10176K, reserved 1064960K
  class space    used 1183K, committed 1280K, reserved 1048576K
}
Event: 28.919 GC heap before
{Heap before GC invocations=5 (full 0):
 garbage-first heap   total 49152K, used 34161K [0x00000000d1400000, 0x0000000100000000)
  region size 1024K, 26 young (26624K), 2 survivors (2048K)
 Metaspace       used 14855K, committed 15104K, reserved 1064960K
  class space    used 1777K, committed 1920K, reserved 1048576K
}
Event: 28.924 GC heap after
{Heap after GC invocations=6 (full 0):
 garbage-first heap   total 49152K, used 10923K [0x00000000d1400000, 0x0000000100000000)
  region size 1024K, 4 young (4096K), 4 survivors (4096K)
 Metaspace       used 14855K, committed 15104K, reserved 1064960K
  class space    used 1777K, committed 1920K, reserved 1048576K
}
Event: 29.232 GC heap before
{Heap before GC invocations=6 (full 0):
 garbage-first heap   total 49152K, used 33451K [0x00000000d1400000, 0x0000000100000000)
  region size 1024K, 27 young (27648K), 4 survivors (4096K)
 Metaspace       used 15349K, committed 15616K, reserved 1064960K
  class space    used 1822K, committed 1920K, reserved 1048576K
}
Event: 29.238 GC heap after
{Heap after GC invocations=7 (full 0):
 garbage-first heap   total 49152K, used 11820K [0x00000000d1400000, 0x0000000100000000)
  region size 1024K, 3 young (3072K), 3 survivors (3072K)
 Metaspace       used 15349K, committed 15616K, reserved 1064960K
  class space    used 1822K, committed 1920K, reserved 1048576K
}
Event: 29.242 GC heap before
{Heap before GC invocations=7 (full 0):
 garbage-first heap   total 49152K, used 34348K [0x00000000d1400000, 0x0000000100000000)
  region size 1024K, 26 young (26624K), 3 survivors (3072K)
 Metaspace       used 15349K, committed 15616K, reserved 1064960K
  class space    used 1822K, committed 1920K, reserved 1048576K
}
Event: 29.247 GC heap after
{Heap after GC invocations=8 (full 0):
 garbage-first heap   total 96256K, used 11825K [0x00000000d1400000, 0x0000000100000000)
  region size 1024K, 1 young (1024K), 1 survivors (1024K)
 Metaspace       used 15349K, committed 15616K, reserved 1064960K
  class space    used 1822K, committed 1920K, reserved 1048576K
}

