# JRE version: Java(TM) SE Runtime Environment (16.0.1+9) (build 16.0.1+9-24)
# Java VM: Java HotSpot(TM) 64-Bit Server VM (16.0.1+9-24, mixed mode, sharing, tiered, compressed oops, compressed class ptrs, g1 gc, windows-amd64)
GC Precious Log:
 CPUs: 4 total, 4 available
 Memory: 2987M
 Large Page Support: Disabled
 NUMA Support: Disabled
 Compressed Oops: Enabled (32-bit)
 Heap Region Size: 1M
 Heap Min Capacity: 8M
 Heap Initial Capacity: 48M
 Heap Max Capacity: 748M
 Pre-touch: Disabled
 Parallel Workers: 4
 Concurrent Workers: 1
 Concurrent Refinement Workers: 4
 Periodic GC: Disabled
Heap:
 garbage-first heap   total 49152K, used 17256K [0x00000000d1400000, 0x0000000100000000)
  region size 1024K, 1 young (1024K), 1 survivors (1024K)
 Metaspace       used 26072K, committed 26304K, reserved 1073152K
  class space    used 3208K, committed 3328K, reserved 1048576K
GC Heap History (20 events):
Event: 19.925 GC heap after
{Heap after GC invocations=3 (full 0):
 garbage-first heap   total 49152K, used 7572K [0x00000000d1400000, 0x0000000100000000)
  region size 1024K, 1 young (1024K), 1 survivors (1024K)
 Metaspace       used 4309K, committed 4480K, reserved 1056768K
  class space    used 444K, committed 512K, reserved 1048576K
}
Event: 19.941 GC heap before
{Heap before GC invocations=3 (full 0):
 garbage-first heap   total 49152K, used 27028K [0x00000000d1400000, 0x0000000100000000)
  region size 1024K, 21 young (21504K), 1 survivors (1024K)
 Metaspace       used 4309K, committed 4480K, reserved 1056768K
  class space    used 444K, committed 512K, reserved 1048576K
}
Event: 19.943 GC heap after
{Heap after GC invocations=4 (full 0):
 garbage-first heap   total 49152K, used 7562K [0x00000000d1400000, 0x0000000100000000)
  region size 1024K, 1 young (1024K), 1 survivors (1024K)
 Metaspace       used 4309K, committed 4480K, reserved 1056768K
  class space    used 444K, committed 512K, reserved 1048576K
}
Event: 21.355 GC heap before
{Heap before GC invocations=4 (full 0):
 garbage-first heap   total 49152K, used 34186K [0x00000000d1400000, 0x0000000100000000)
  region size 1024K, 27 young (27648K), 1 survivors (1024K)
 Metaspace       used 10103K, committed 10304K, reserved 1064960K
  class space    used 1202K, committed 1280K, reserved 1048576K
}
Event: 21.359 GC heap after
{Heap after GC invocations=5 (full 0):
 garbage-first heap   total 49152K, used 9100K [0x00000000d1400000, 0x0000000100000000)
  region size 1024K, 3 young (3072K), 3 survivors (3072K)
 Metaspace       used 10103K, committed 10304K, reserved 1064960K
  class space    used 1202K, committed 1280K, reserved 1048576K
}
Event: 23.111 GC heap before
{Heap before GC invocations=5 (full 0):
 garbage-first heap   total 49152K, used 32652K [0x00000000d1400000, 0x0000000100000000)
  region size 1024K, 27 young (27648K), 3 survivors (3072K)
 Metaspace       used 14915K, committed 15168K, reserved 1064960K
  class space    used 1778K, committed 1920K, reserved 1048576K
}
Event: 23.117 GC heap after
{Heap after GC invocations=6 (full 0):
 garbage-first heap   total 49152K, used 10488K [0x00000000d1400000, 0x0000000100000000)
  region size 1024K, 4 young (4096K), 4 survivors (4096K)
 Metaspace       used 14915K, committed 15168K, reserved 1064960K
  class space    used 1778K, committed 1920K, reserved 1048576K
}
Event: 23.793 GC heap before
{Heap before GC invocations=6 (full 0):
 garbage-first heap   total 49152K, used 34040K [0x00000000d1400000, 0x0000000100000000)
  region size 1024K, 28 young (28672K), 4 survivors (4096K)
 Metaspace       used 15382K, committed 15616K, reserved 1064960K
  class space    used 1822K, committed 1920K, reserved 1048576K
}
Event: 23.800 GC heap after
{Heap after GC invocations=7 (full 0):
 garbage-first heap   total 49152K, used 11327K [0x00000000d1400000, 0x0000000100000000)
  region size 1024K, 3 young (3072K), 3 survivors (3072K)
 Metaspace       used 15382K, committed 15616K, reserved 1064960K
  class space    used 1822K, committed 1920K, reserved 1048576K
}
Event: 23.805 GC heap before
{Heap before GC invocations=7 (full 0):
 garbage-first heap   total 49152K, used 34879K [0x00000000d1400000, 0x0000000100000000)
  region size 1024K, 27 young (27648K), 3 survivors (3072K)
 Metaspace       used 15382K, committed 15616K, reserved 1064960K
  class space    used 1822K, committed 1920K, reserved 1048576K
}
Event: 23.808 GC heap after
{Heap after GC invocations=8 (full 0):
 garbage-first heap   total 49152K, used 11406K [0x00000000d1400000, 0x0000000100000000)
  region size 1024K, 1 young (1024K), 1 survivors (1024K)
 Metaspace       used 15382K, committed 15616K, reserved 1064960K
  class space    used 1822K, committed 1920K, reserved 1048576K
}
Event: 24.573 GC heap before
{Heap before GC invocations=8 (full 0):
 garbage-first heap   total 49152K, used 38030K [0x00000000d1400000, 0x0000000100000000)
  region size 1024K, 27 young (27648K), 1 survivors (1024K)
 Metaspace       used 17683K, committed 17920K, reserved 1064960K
  class space    used 2122K, committed 2240K, reserved 1048576K
}
Event: 24.576 GC heap after
{Heap after GC invocations=9 (full 0):
 garbage-first heap   total 49152K, used 12673K [0x00000000d1400000, 0x0000000100000000)
  region size 1024K, 3 young (3072K), 3 survivors (3072K)
 Metaspace       used 17683K, committed 17920K, reserved 1064960K
  class space    used 2122K, committed 2240K, reserved 1048576K
}
Event: 25.700 GC heap before
{Heap before GC invocations=9 (full 0):
 garbage-first heap   total 49152K, used 34177K [0x00000000d1400000, 0x0000000100000000)
  region size 1024K, 25 young (25600K), 3 survivors (3072K)
 Metaspace       used 21068K, committed 21248K, reserved 1073152K
  class space    used 2578K, committed 2688K, reserved 1048576K
}
Event: 25.706 GC heap after
{Heap after GC invocations=10 (full 0):
 garbage-first heap   total 49152K, used 14125K [0x00000000d1400000, 0x0000000100000000)
  region size 1024K, 3 young (3072K), 3 survivors (3072K)
 Metaspace       used 21068K, committed 21248K, reserved 1073152K
  class space    used 2578K, committed 2688K, reserved 1048576K
}
Event: 27.484 GC heap before
{Heap before GC invocations=11 (full 0):
 garbage-first heap   total 49152K, used 37677K [0x00000000d1400000, 0x0000000100000000)
  region size 1024K, 27 young (27648K), 3 survivors (3072K)
 Metaspace       used 25394K, committed 25664K, reserved 1073152K
  class space    used 3148K, committed 3264K, reserved 1048576K
}
Event: 27.493 GC heap after
{Heap after GC invocations=12 (full 0):
 garbage-first heap   total 49152K, used 16664K [0x00000000d1400000, 0x0000000100000000)
  region size 1024K, 4 young (4096K), 4 survivors (4096K)
 Metaspace       used 25394K, committed 25664K, reserved 1073152K
  class space    used 3148K, committed 3264K, reserved 1048576K
}
Event: 27.513 GC heap before
{Heap before GC invocations=12 (full 0):
 garbage-first heap   total 49152K, used 36120K [0x00000000d1400000, 0x0000000100000000)
  region size 1024K, 24 young (24576K), 4 survivors (4096K)
 Metaspace       used 25395K, committed 25664K, reserved 1073152K
  class space    used 3148K, committed 3264K, reserved 1048576K
}
Event: 27.520 GC heap after
{Heap after GC invocations=13 (full 0):
 garbage-first heap   total 49152K, used 17384K [0x00000000d1400000, 0x0000000100000000)
  region size 1024K, 1 young (1024K), 1 survivors (1024K)
 Metaspace       used 25395K, committed 25664K, reserved 1073152K
  class space    used 3148K, committed 3264K, reserved 1048576K
}
Event: 27.613 GC heap before
{Heap before GC invocations=13 (full 0):
 garbage-first heap   total 49152K, used 36840K [0x00000000d1400000, 0x0000000100000000)
  region size 1024K, 21 young (21504K), 1 survivors (1024K)
 Metaspace       used 26072K, committed 26304K, reserved 1073152K
  class space    used 3208K, committed 3328K, reserved 1048576K
}

